# JRE version: OpenJDK Runtime Environment (8.0_151-b12) (build 1.8.0_151-8u151-b12-0ubuntu0.17.04.2-b12)
# Java VM: OpenJDK 64-Bit Server VM (25.151-b12 mixed mode linux-amd64 compressed oops)
Heap:
 PSYoungGen      total 70656K, used 7678K [0x00000000eb700000, 0x00000000f0400000, 0x0000000100000000)
  eden space 62976K, 0% used [0x00000000eb700000,0x00000000eb700000,0x00000000ef480000)
  from space 7680K, 99% used [0x00000000ef480000,0x00000000efbffb28,0x00000000efc00000)
  to   space 7168K, 0% used [0x00000000efc00000,0x00000000efc00000,0x00000000f0300000)
 ParOldGen       total 42496K, used 10572K [0x00000000c2400000, 0x00000000c4d80000, 0x00000000eb700000)
  object space 42496K, 24% used [0x00000000c2400000,0x00000000c2e531b8,0x00000000c4d80000)
 Metaspace       used 19374K, capacity 19880K, committed 20096K, reserved 1067008K
  class space    used 2424K, capacity 2616K, committed 2688K, reserved 1048576K
GC Heap History (10 events):
Event: 0.484 GC heap after
Heap after GC invocations=2 (full 0):
 PSYoungGen      total 18432K, used 2544K [0x00000000eb700000, 0x00000000edb00000, 0x0000000100000000)
  eden space 15872K, 0% used [0x00000000eb700000,0x00000000eb700000,0x00000000ec680000)
  from space 2560K, 99% used [0x00000000ec900000,0x00000000ecb7c3d0,0x00000000ecb80000)
  to   space 2560K, 0% used [0x00000000ec680000,0x00000000ec680000,0x00000000ec900000)
 ParOldGen       total 42496K, used 2272K [0x00000000c2400000, 0x00000000c4d80000, 0x00000000eb700000)
  object space 42496K, 5% used [0x00000000c2400000,0x00000000c26381c8,0x00000000c4d80000)
 Metaspace       used 7309K, capacity 7448K, committed 7552K, reserved 1056768K
  class space    used 804K, capacity 866K, committed 896K, reserved 1048576K
}
Event: 0.766 GC heap before
{Heap before GC invocations=3 (full 0):
 PSYoungGen      total 18432K, used 18416K [0x00000000eb700000, 0x00000000edb00000, 0x0000000100000000)
  eden space 15872K, 100% used [0x00000000eb700000,0x00000000ec680000,0x00000000ec680000)
  from space 2560K, 99% used [0x00000000ec900000,0x00000000ecb7c3d0,0x00000000ecb80000)
  to   space 2560K, 0% used [0x00000000ec680000,0x00000000ec680000,0x00000000ec900000)
 ParOldGen       total 42496K, used 2272K [0x00000000c2400000, 0x00000000c4d80000, 0x00000000eb700000)
  object space 42496K, 5% used [0x00000000c2400000,0x00000000c26381c8,0x00000000c4d80000)
 Metaspace       used 10616K, capacity 10782K, committed 11008K, reserved 1058816K
  class space    used 1167K, capacity 1251K, committed 1280K, reserved 1048576K
Event: 0.781 GC heap after
Heap after GC invocations=3 (full 0):
 PSYoungGen      total 18432K, used 2544K [0x00000000eb700000, 0x00000000edb00000, 0x0000000100000000)
  eden space 15872K, 0% used [0x00000000eb700000,0x00000000eb700000,0x00000000ec680000)
  from space 2560K, 99% used [0x00000000ec680000,0x00000000ec8fc350,0x00000000ec900000)
  to   space 2560K, 0% used [0x00000000ed880000,0x00000000ed880000,0x00000000edb00000)
 ParOldGen       total 42496K, used 3991K [0x00000000c2400000, 0x00000000c4d80000, 0x00000000eb700000)
  object space 42496K, 9% used [0x00000000c2400000,0x00000000c27e5e00,0x00000000c4d80000)
 Metaspace       used 10616K, capacity 10782K, committed 11008K, reserved 1058816K
  class space    used 1167K, capacity 1251K, committed 1280K, reserved 1048576K
}
Event: 0.922 GC heap before
{Heap before GC invocations=4 (full 0):
 PSYoungGen      total 18432K, used 18416K [0x00000000eb700000, 0x00000000edb00000, 0x0000000100000000)
  eden space 15872K, 100% used [0x00000000eb700000,0x00000000ec680000,0x00000000ec680000)
  from space 2560K, 99% used [0x00000000ec680000,0x00000000ec8fc350,0x00000000ec900000)
  to   space 2560K, 0% used [0x00000000ed880000,0x00000000ed880000,0x00000000edb00000)
 ParOldGen       total 42496K, used 3991K [0x00000000c2400000, 0x00000000c4d80000, 0x00000000eb700000)
  object space 42496K, 9% used [0x00000000c2400000,0x00000000c27e5e00,0x00000000c4d80000)
 Metaspace       used 11889K, capacity 12030K, committed 12288K, reserved 1060864K
  class space    used 1348K, capacity 1411K, committed 1536K, reserved 1048576K
Event: 0.925 GC heap after
Heap after GC invocations=4 (full 0):
 PSYoungGen      total 34304K, used 2544K [0x00000000eb700000, 0x00000000edb00000, 0x0000000100000000)
  eden space 31744K, 0% used [0x00000000eb700000,0x00000000eb700000,0x00000000ed600000)
  from space 2560K, 99% used [0x00000000ed880000,0x00000000edafc240,0x00000000edb00000)
  to   space 2560K, 0% used [0x00000000ed600000,0x00000000ed600000,0x00000000ed880000)
 ParOldGen       total 42496K, used 5256K [0x00000000c2400000, 0x00000000c4d80000, 0x00000000eb700000)
  object space 42496K, 12% used [0x00000000c2400000,0x00000000c2922308,0x00000000c4d80000)
 Metaspace       used 11889K, capacity 12030K, committed 12288K, reserved 1060864K
  class space    used 1348K, capacity 1411K, committed 1536K, reserved 1048576K
}
Event: 1.786 GC heap before
{Heap before GC invocations=5 (full 0):
 PSYoungGen      total 34304K, used 34134K [0x00000000eb700000, 0x00000000edb00000, 0x0000000100000000)
  eden space 31744K, 99% used [0x00000000eb700000,0x00000000ed5d9878,0x00000000ed600000)
  from space 2560K, 99% used [0x00000000ed880000,0x00000000edafc240,0x00000000edb00000)
  to   space 2560K, 0% used [0x00000000ed600000,0x00000000ed600000,0x00000000ed880000)
 ParOldGen       total 42496K, used 5256K [0x00000000c2400000, 0x00000000c4d80000, 0x00000000eb700000)
  object space 42496K, 12% used [0x00000000c2400000,0x00000000c2922308,0x00000000c4d80000)
 Metaspace       used 15432K, capacity 15676K, committed 15744K, reserved 1062912K
  class space    used 1791K, capacity 1916K, committed 1920K, reserved 1048576K
Event: 1.793 GC heap after
Heap after GC invocations=5 (full 0):
 PSYoungGen      total 34304K, used 2544K [0x00000000eb700000, 0x00000000f0300000, 0x0000000100000000)
  eden space 31744K, 0% used [0x00000000eb700000,0x00000000eb700000,0x00000000ed600000)
  from space 2560K, 99% used [0x00000000ed600000,0x00000000ed87c1a0,0x00000000ed880000)
  to   space 7168K, 0% used [0x00000000efc00000,0x00000000efc00000,0x00000000f0300000)
 ParOldGen       total 42496K, used 9555K [0x00000000c2400000, 0x00000000c4d80000, 0x00000000eb700000)
  object space 42496K, 22% used [0x00000000c2400000,0x00000000c2d54e08,0x00000000c4d80000)
 Metaspace       used 15432K, capacity 15676K, committed 15744K, reserved 1062912K
  class space    used 1791K, capacity 1916K, committed 1920K, reserved 1048576K
}
Event: 75.463 GC heap before
{Heap before GC invocations=6 (full 0):
 PSYoungGen      total 34304K, used 34288K [0x00000000eb700000, 0x00000000f0300000, 0x0000000100000000)
  eden space 31744K, 100% used [0x00000000eb700000,0x00000000ed600000,0x00000000ed600000)
  from space 2560K, 99% used [0x00000000ed600000,0x00000000ed87c1a0,0x00000000ed880000)
  to   space 7168K, 0% used [0x00000000efc00000,0x00000000efc00000,0x00000000f0300000)
 ParOldGen       total 42496K, used 9555K [0x00000000c2400000, 0x00000000c4d80000, 0x00000000eb700000)
  object space 42496K, 22% used [0x00000000c2400000,0x00000000c2d54e08,0x00000000c4d80000)
 Metaspace       used 19095K, capacity 19592K, committed 19840K, reserved 1067008K
  class space    used 2389K, capacity 2584K, committed 2688K, reserved 1048576K
Event: 75.904 GC heap after
Heap after GC invocations=6 (full 0):
 PSYoungGen      total 70144K, used 6079K [0x00000000eb700000, 0x00000000f0400000, 0x0000000100000000)
  eden space 62976K, 0% used [0x00000000eb700000,0x00000000eb700000,0x00000000ef480000)
  from space 7168K, 84% used [0x00000000efc00000,0x00000000f01eff38,0x00000000f0300000)
  to   space 7680K, 0% used [0x00000000ef480000,0x00000000ef480000,0x00000000efc00000)
 ParOldGen       total 42496K, used 9563K [0x00000000c2400000, 0x00000000c4d80000, 0x00000000eb700000)
  object space 42496K, 22% used [0x00000000c2400000,0x00000000c2d56e08,0x00000000c4d80000)
 Metaspace       used 19095K, capacity 19592K, committed 19840K, reserved 1067008K
  class space    used 2389K, capacity 2584K, committed 2688K, reserved 1048576K
}
Event: 78.827 GC heap before
{Heap before GC invocations=7 (full 0):
 PSYoungGen      total 70144K, used 69055K [0x00000000eb700000, 0x00000000f0400000, 0x0000000100000000)
  eden space 62976K, 100% used [0x00000000eb700000,0x00000000ef480000,0x00000000ef480000)
  from space 7168K, 84% used [0x00000000efc00000,0x00000000f01eff38,0x00000000f0300000)
  to   space 7680K, 0% used [0x00000000ef480000,0x00000000ef480000,0x00000000efc00000)
 ParOldGen       total 42496K, used 9563K [0x00000000c2400000, 0x00000000c4d80000, 0x00000000eb700000)
  object space 42496K, 22% used [0x00000000c2400000,0x00000000c2d56e08,0x00000000c4d80000)
 Metaspace       used 19374K, capacity 19880K, committed 20096K, reserved 1067008K
  class space    used 2424K, capacity 2616K, committed 2688K, reserved 1048576K

